Command line:
   Main_Decoder_isim_beh.exe
     -simmode  gui
     -simrunnum  0
     -socket  6819

Tue Sep 20 20:29:57 2016


 Elaboration Time: 0.0625 sec

 Current Memory Usage: 845.582 Meg

 Total Signals          : 25
 Total Nets             : 31
 Total Signal Drivers   : 17
 Total Blocks           : 2
 Total Primitive Blocks : 2
 Total Processes        : 18
 Total Traceable Variables  : 18
 Total Scalar Nets and Variables : 111
Total Line Count : 26

 Total Simulation Time: 0.09375 sec

 Current Memory Usage: 845.582 Meg

Tue Sep 20 20:30:07 2016

