Running: C:\Xilinx\14.7\ISE_DS\ISE\bin\nt64\unwrapped\fuse.exe -intstyle ise -incremental -lib unisims_ver -lib unimacro_ver -lib xilinxcorelib_ver -lib secureip -o C:/Xilinx/Projects/Lab4/ALU_Tester_isim_beh.exe -prj C:/Xilinx/Projects/Lab4/ALU_Tester_beh.prj work.ALU_Tester work.glbl 
ISim P.20131013 (signature 0x7708f090)
Number of CPUs detected in this system: 4
Turning on mult-threading, number of parallel sub-compilation jobs: 8 
Determining compilation order of HDL files
Analyzing Verilog file "C:/Xilinx/Projects/Lab4/../../../Users/Ronnie/Desktop/lab2/HalfAdder.v" into library work
Analyzing Verilog file "C:/Xilinx/Projects/Lab4/../../../Users/Ronnie/Desktop/lab2/FullAdder.v" into library work
Analyzing Verilog file "C:/Xilinx/Projects/Lab4/../../../Users/Ronnie/Desktop/lab2/RCA8.v" into library work
Analyzing Verilog file "C:/Xilinx/Projects/Lab4/Subtracter_32.v" into library work
Analyzing Verilog file "C:/Xilinx/Projects/Lab4/SetLessThan_32.v" into library work
Analyzing Verilog file "C:/Xilinx/Projects/Lab4/OR_32.v" into library work
Analyzing Verilog file "C:/Xilinx/Projects/Lab4/Mux8to1_32bit.v" into library work
Analyzing Verilog file "C:/Xilinx/Projects/Lab4/AND_32.v" into library work
Analyzing Verilog file "C:/Xilinx/Projects/Lab4/Adder_32.v" into library work
Analyzing Verilog file "C:/Xilinx/Projects/Lab4/ALU.v" into library work
Analyzing Verilog file "C:/Xilinx/Projects/Lab4/ALU_Tester.v" into library work
Analyzing Verilog file "C:/Xilinx/14.7/ISE_DS/ISE//verilog/src/glbl.v" into library work
Starting static elaboration
Completed static elaboration
Compiling module AND_32
Compiling module OR_32
Compiling module HalfAdder
Compiling module FullAdder
Compiling module RCA8
Compiling module Adder_32
Compiling module Subtracter_32
Compiling module SetLessThan_32
Compiling module Mux8to1_32bit
Compiling module ALU
Compiling module ALU_Tester
Compiling module glbl
Time Resolution for simulation is 1ps.
Waiting for 5 sub-compilation(s) to finish...
Compiled 12 Verilog Units
Built simulation executable C:/Xilinx/Projects/Lab4/ALU_Tester_isim_beh.exe
Fuse Memory Usage: 28120 KB
Fuse CPU Usage: 484 ms
