Running: C:\Xilinx\14.7\ISE_DS\ISE\bin\nt64\unwrapped\fuse.exe -intstyle ise -incremental -lib unisims_ver -lib unimacro_ver -lib xilinxcorelib_ver -lib secureip -o C:/Xilinx/Projects/Lab3/Control_Unit_Tester_isim_beh.exe -prj C:/Xilinx/Projects/Lab3/Control_Unit_Tester_beh.prj work.Control_Unit_Tester work.glbl 
ISim P.20131013 (signature 0x7708f090)
Number of CPUs detected in this system: 4
Turning on mult-threading, number of parallel sub-compilation jobs: 8 
Determining compilation order of HDL files
Analyzing Verilog file "C:/Xilinx/Projects/Lab3/Main_Decoder.v" into library work
Analyzing Verilog file "C:/Xilinx/Projects/Lab3/ALU_Decoder.v" into library work
Analyzing Verilog file "C:/Xilinx/Projects/Lab3/Control_Unit.v" into library work
Analyzing Verilog file "C:/Xilinx/Projects/Lab3/Control_Unit_Tester.v" into library work
Analyzing Verilog file "C:/Xilinx/14.7/ISE_DS/ISE//verilog/src/glbl.v" into library work
Starting static elaboration
Completed static elaboration
Compiling module ALU_Decoder
Compiling module Main_Decoder
Compiling module Control_Unit
Compiling module Control_Unit_Tester
Compiling module glbl
Time Resolution for simulation is 1ps.
Waiting for 1 sub-compilation(s) to finish...
Compiled 5 Verilog Units
Built simulation executable C:/Xilinx/Projects/Lab3/Control_Unit_Tester_isim_beh.exe
Fuse Memory Usage: 28660 KB
Fuse CPU Usage: 421 ms
